<?xml version="1.0" encoding="UTF-8"?>
<!-- Generated by org.testng.reporters.JUnitReportReporter -->
<testsuite hostname="DESKTOP-N83V4T6" failures="0" tests="1" name="com.pms.test.HeaderValidation" time="203.061" errors="0" timestamp="2022-11-23T16:33:46 IST" skipped="0">
  <testcase classname="com.pms.test.HeaderValidation" name="HeaderValidation_AfterLogin" time="203.061"/>
  <system-out/>
</testsuite> <!-- com.pms.test.HeaderValidation -->
