<?xml version="1.0" encoding="UTF-8"?>
<!-- Generated by org.testng.reporters.JUnitReportReporter -->
<testsuite hostname="LAPTOP-FSMTSINL" failures="0" tests="1" name="com.pms.test.UserSignUp" time="33.215" errors="0" timestamp="2022-04-13T16:24:55 IST" skipped="0">
  <testcase classname="com.pms.test.UserSignUp" name="loginURL" time="33.215"/>
  <system-out/>
</testsuite> <!-- com.pms.test.UserSignUp -->
