<?xml version="1.0" encoding="UTF-8"?>
<!-- Generated by org.testng.reporters.JUnitReportReporter -->
<testsuite hostname="DESKTOP-N83V4T6" failures="0" tests="2" name="com.pms.test.SearchBar" time="23.463" errors="0" timestamp="2022-11-22T16:55:55 IST" skipped="0">
  <testcase classname="com.pms.test.SearchBar" name="searchValid" time="19.178"/>
  <system-out/>
  <testcase classname="com.pms.test.SearchBar" name="invalidSearch" time="4.285"/>
  <system-out/>
</testsuite> <!-- com.pms.test.SearchBar -->
