<?xml version="1.0" encoding="UTF-8"?>
<!-- Generated by org.testng.reporters.JUnitReportReporter -->
<testsuite hostname="DESKTOP-N83V4T6" failures="0" tests="2" name="com.pms.test.SignInSignOut" time="21.717" errors="0" timestamp="2022-11-22T16:58:00 IST" skipped="0">
  <testcase classname="com.pms.test.SignInSignOut" name="signOut" time="4.607"/>
  <system-out/>
  <testcase classname="com.pms.test.SignInSignOut" name="signIn" time="17.110"/>
  <system-out/>
</testsuite> <!-- com.pms.test.SignInSignOut -->
