<?xml version="1.0" encoding="UTF-8"?>
<!-- Generated by org.testng.reporters.JUnitReportReporter -->
<testsuite hostname="DESKTOP-N83V4T6" failures="0" tests="1" name="com.pms.test.AddAProductBeforeSignIn" time="36.158" errors="0" timestamp="2022-11-23T15:08:04 IST" skipped="0">
  <testcase classname="com.pms.test.AddAProductBeforeSignIn" name="addAProductBeforeSignIn" time="36.158"/>
  <system-out/>
</testsuite> <!-- com.pms.test.AddAProductBeforeSignIn -->
